<?xml version="1.0" encoding="UTF-8"?>
<!-- Generated by org.testng.reporters.JUnitReportReporter -->
<testsuite hostname="Animesh" failures="0" tests="2" name="testCases.TestCases" time="0.572" errors="0" timestamp="2025-01-03T23:34:46 IST" skipped="0">
  <testcase classname="testCases.TestCases" name="validateTransactionHeading" time="0.043"/>
  <testcase classname="testCases.TestCases" name="printTransactionHashesWithSpecificInputsOutputs" time="0.529"/>
</testsuite> <!-- testCases.TestCases -->
