<?xml version="1.0" encoding="UTF-8"?>
<!-- Generated by org.testng.reporters.JUnitReportReporter -->
<testsuite hostname="Animesh" failures="0" tests="1" name="testCases.TestCase1" time="0.522" errors="0" timestamp="2025-01-03T23:26:41 IST" skipped="0">
  <testcase classname="testCases.TestCase1" name="printTransactionHashesWithSpecificInputsOutputs" time="0.522"/>
</testsuite> <!-- testCases.TestCase1 -->
